<?xml version="1.0" encoding="UTF-8"?>
<testsuite xmlns:xsi="http://www.w3.org/2001/XMLSchema-instance" xsi:noNamespaceSchemaLocation="https://maven.apache.org/surefire/maven-surefire-plugin/xsd/surefire-test-report-3.0.xsd" version="3.0" name="com.maven.main.ExecTest" time="0.712" tests="5" errors="0" skipped="0" failures="0">
  <properties>
[...]
</properties>
  <testcase name="testApp" classname="com.maven.main.ExecTest" time="0"/>
  <testcase name="testExec_normal_01" classname="com.maven.main.ExecTest" time="0.486"/>
  <testcase name="testExec_normal_02" classname="com.maven.main.ExecTest" time="0.22"/>
  <testcase name="testExec_Abnormal_01" classname="com.maven.main.ExecTest" time="0.001"/>
  <testcase name="testExec_Abnormal_02" classname="com.maven.main.ExecTest" time="0"/>
</testsuite>